2017-10-25 18:03:08 [-][-][-][error][yii\base\InvalidParamException] yii\base\InvalidParamException: Invalid path alias: @mdm/admin/migrations in D:\xampp\htdocs\advanced\vendor\yiisoft\yii2\BaseYii.php:154
Stack trace:
#0 D:\xampp\htdocs\advanced\vendor\yiisoft\yii2\console\controllers\BaseMigrateController.php(117): yii\BaseYii::getAlias('@mdm/admin/migr...')
#1 D:\xampp\htdocs\advanced\vendor\yiisoft\yii2\console\controllers\MigrateController.php(168): yii\console\controllers\BaseMigrateController->beforeAction(Object(yii\base\InlineAction))
#2 D:\xampp\htdocs\advanced\vendor\yiisoft\yii2\base\Controller.php(154): yii\console\controllers\MigrateController->beforeAction(Object(yii\base\InlineAction))
#3 D:\xampp\htdocs\advanced\vendor\yiisoft\yii2\console\Controller.php(128): yii\base\Controller->runAction('', Array)
#4 D:\xampp\htdocs\advanced\vendor\yiisoft\yii2\base\Module.php(523): yii\console\Controller->runAction('', Array)
#5 D:\xampp\htdocs\advanced\vendor\yiisoft\yii2\console\Application.php(180): yii\base\Module->runAction('migrate', Array)
#6 D:\xampp\htdocs\advanced\vendor\yiisoft\yii2\console\Application.php(147): yii\console\Application->runAction('migrate', Array)
#7 D:\xampp\htdocs\advanced\vendor\yiisoft\yii2\base\Application.php(380): yii\console\Application->handleRequest(Object(yii\console\Request))
#8 D:\xampp\htdocs\advanced\yii(27): yii\base\Application->run()
#9 {main}
2017-10-25 18:03:08 [-][-][-][info][application] $_SERVER = [
    'PROCESSOR_ARCHITEW6432' => 'AMD64'
    'PROMPT' => '$P$G'
    'USERDOMAIN_ROAMINGPROFILE' => 'Lenovo-PC'
    'LOCALAPPDATA' => 'C:\\Users\\lenovo\\AppData\\Local'
    'PROCESSOR_LEVEL' => '6'
    'USERDOMAIN' => 'Lenovo-PC'
    'LOGONSERVER' => '\\\\LENOVO-PC'
    'SESSIONNAME' => 'Console'
    'ALLUSERSPROFILE' => 'C:\\ProgramData'
    'PROCESSOR_ARCHITECTURE' => 'x86'
    'PSModulePath' => 'C:\\WINDOWS\\system32\\WindowsPowerShell\\v1.0\\Modules\\'
    'SystemDrive' => 'C:'
    'asl_log' => 'Destination=file'
    'APPDATA' => 'C:\\Users\\lenovo\\AppData\\Roaming'
    'USERNAME' => 'lenovo'
    'ProgramFiles(x86)' => 'C:\\Program Files (x86)'
    'VBOX_MSI_INSTALL_PATH' => 'C:\\Program Files\\Oracle\\VirtualBox\\'
    'CommonProgramFiles' => 'C:\\Program Files (x86)\\Common Files'
    'Path' => 'C:\\ProgramData\\Oracle\\Java\\javapath;D:\\app\\lenovo\\product\\11.2.0\\dbhome_1\\bin;C:\\WINDOWS\\system32;C:\\WINDOWS;C:\\WINDOWS\\System32\\Wbem;C:\\WINDOWS\\System32\\WindowsPowerShell\\v1.0\\;D:\\xampp\\php;C:\\Program Files (x86)\\NVIDIA Corporation\\PhysX\\Common;D:\\Program Files\\TortoiseGit\\bin;D:\\Program Files\\Git\\cmd'
    'PATHEXT' => '.COM;.EXE;.BAT;.CMD;.VBS;.VBE;.JS;.JSE;.WSF;.WSH;.MSC'
    'OS' => 'Windows_NT'
    'COMPUTERNAME' => 'LENOVO-PC'
    'PROCESSOR_REVISION' => '3c03'
    'CommonProgramW6432' => 'C:\\Program Files\\Common Files'
    'ComSpec' => 'C:\\WINDOWS\\system32\\cmd.exe'
    'ProgramData' => 'C:\\ProgramData'
    'ProgramW6432' => 'C:\\Program Files'
    'HOMEPATH' => '\\Users\\lenovo'
    'SystemRoot' => 'C:\\WINDOWS'
    'TEMP' => 'C:\\Users\\lenovo\\AppData\\Local\\Temp'
    'HOMEDRIVE' => 'C:'
    'PROCESSOR_IDENTIFIER' => 'Intel64 Family 6 Model 60 Stepping 3, GenuineIntel'
    'USERPROFILE' => 'C:\\Users\\lenovo'
    'TMP' => 'C:\\Users\\lenovo\\AppData\\Local\\Temp'
    'CommonProgramFiles(x86)' => 'C:\\Program Files (x86)\\Common Files'
    'ProgramFiles' => 'C:\\Program Files (x86)'
    'PUBLIC' => 'C:\\Users\\Public'
    'NUMBER_OF_PROCESSORS' => '4'
    'windir' => 'C:\\WINDOWS'
    'PHP_SELF' => 'yii'
    'SCRIPT_NAME' => 'yii'
    'SCRIPT_FILENAME' => 'yii'
    'PATH_TRANSLATED' => 'yii'
    'DOCUMENT_ROOT' => ''
    'REQUEST_TIME_FLOAT' => 1508947388.4279
    'REQUEST_TIME' => 1508947388
    'argv' => [
        0 => 'yii'
        1 => 'migrate'
        2 => '--migrationPath=@mdm/admin/migrations'
    ]
    'argc' => 3
]
2017-10-25 18:03:35 [-][-][-][error][yii\base\InvalidParamException] yii\base\InvalidParamException: Invalid path alias: @mdm/admin/migrations in D:\xampp\htdocs\advanced\vendor\yiisoft\yii2\BaseYii.php:154
Stack trace:
#0 D:\xampp\htdocs\advanced\vendor\yiisoft\yii2\console\controllers\BaseMigrateController.php(117): yii\BaseYii::getAlias('@mdm/admin/migr...')
#1 D:\xampp\htdocs\advanced\vendor\yiisoft\yii2\console\controllers\MigrateController.php(168): yii\console\controllers\BaseMigrateController->beforeAction(Object(yii\base\InlineAction))
#2 D:\xampp\htdocs\advanced\vendor\yiisoft\yii2\base\Controller.php(154): yii\console\controllers\MigrateController->beforeAction(Object(yii\base\InlineAction))
#3 D:\xampp\htdocs\advanced\vendor\yiisoft\yii2\console\Controller.php(128): yii\base\Controller->runAction('', Array)
#4 D:\xampp\htdocs\advanced\vendor\yiisoft\yii2\base\Module.php(523): yii\console\Controller->runAction('', Array)
#5 D:\xampp\htdocs\advanced\vendor\yiisoft\yii2\console\Application.php(180): yii\base\Module->runAction('migrate', Array)
#6 D:\xampp\htdocs\advanced\vendor\yiisoft\yii2\console\Application.php(147): yii\console\Application->runAction('migrate', Array)
#7 D:\xampp\htdocs\advanced\vendor\yiisoft\yii2\base\Application.php(380): yii\console\Application->handleRequest(Object(yii\console\Request))
#8 D:\xampp\htdocs\advanced\yii(27): yii\base\Application->run()
#9 {main}
2017-10-25 18:03:35 [-][-][-][info][application] $_SERVER = [
    'PROCESSOR_ARCHITEW6432' => 'AMD64'
    'PROMPT' => '$P$G'
    'USERDOMAIN_ROAMINGPROFILE' => 'Lenovo-PC'
    'LOCALAPPDATA' => 'C:\\Users\\lenovo\\AppData\\Local'
    'PROCESSOR_LEVEL' => '6'
    'USERDOMAIN' => 'Lenovo-PC'
    'LOGONSERVER' => '\\\\LENOVO-PC'
    'SESSIONNAME' => 'Console'
    'ALLUSERSPROFILE' => 'C:\\ProgramData'
    'PROCESSOR_ARCHITECTURE' => 'x86'
    'PSModulePath' => 'C:\\WINDOWS\\system32\\WindowsPowerShell\\v1.0\\Modules\\'
    'SystemDrive' => 'C:'
    'asl_log' => 'Destination=file'
    'APPDATA' => 'C:\\Users\\lenovo\\AppData\\Roaming'
    'USERNAME' => 'lenovo'
    'ProgramFiles(x86)' => 'C:\\Program Files (x86)'
    'VBOX_MSI_INSTALL_PATH' => 'C:\\Program Files\\Oracle\\VirtualBox\\'
    'CommonProgramFiles' => 'C:\\Program Files (x86)\\Common Files'
    'Path' => 'C:\\ProgramData\\Oracle\\Java\\javapath;D:\\app\\lenovo\\product\\11.2.0\\dbhome_1\\bin;C:\\WINDOWS\\system32;C:\\WINDOWS;C:\\WINDOWS\\System32\\Wbem;C:\\WINDOWS\\System32\\WindowsPowerShell\\v1.0\\;D:\\xampp\\php;C:\\Program Files (x86)\\NVIDIA Corporation\\PhysX\\Common;D:\\Program Files\\TortoiseGit\\bin;D:\\Program Files\\Git\\cmd'
    'PATHEXT' => '.COM;.EXE;.BAT;.CMD;.VBS;.VBE;.JS;.JSE;.WSF;.WSH;.MSC'
    'OS' => 'Windows_NT'
    'COMPUTERNAME' => 'LENOVO-PC'
    'PROCESSOR_REVISION' => '3c03'
    'CommonProgramW6432' => 'C:\\Program Files\\Common Files'
    'ComSpec' => 'C:\\WINDOWS\\system32\\cmd.exe'
    'ProgramData' => 'C:\\ProgramData'
    'ProgramW6432' => 'C:\\Program Files'
    'HOMEPATH' => '\\Users\\lenovo'
    'SystemRoot' => 'C:\\WINDOWS'
    'TEMP' => 'C:\\Users\\lenovo\\AppData\\Local\\Temp'
    'HOMEDRIVE' => 'C:'
    'PROCESSOR_IDENTIFIER' => 'Intel64 Family 6 Model 60 Stepping 3, GenuineIntel'
    'USERPROFILE' => 'C:\\Users\\lenovo'
    'TMP' => 'C:\\Users\\lenovo\\AppData\\Local\\Temp'
    'CommonProgramFiles(x86)' => 'C:\\Program Files (x86)\\Common Files'
    'ProgramFiles' => 'C:\\Program Files (x86)'
    'PUBLIC' => 'C:\\Users\\Public'
    'NUMBER_OF_PROCESSORS' => '4'
    'windir' => 'C:\\WINDOWS'
    'PHP_SELF' => 'yii'
    'SCRIPT_NAME' => 'yii'
    'SCRIPT_FILENAME' => 'yii'
    'PATH_TRANSLATED' => 'yii'
    'DOCUMENT_ROOT' => ''
    'REQUEST_TIME_FLOAT' => 1508947415.463
    'REQUEST_TIME' => 1508947415
    'argv' => [
        0 => 'yii'
        1 => 'migrate'
        2 => '--migrationPath=@mdm/admin/migrations'
    ]
    'argc' => 3
]
2017-10-25 18:03:51 [-][-][-][error][yii\db\Exception] PDOException: SQLSTATE[HY000] [1049] Unknown database 'yii2advanced' in D:\xampp\htdocs\advanced\vendor\yiisoft\yii2\db\Connection.php:646
Stack trace:
#0 D:\xampp\htdocs\advanced\vendor\yiisoft\yii2\db\Connection.php(646): PDO->__construct('mysql:host=loca...', 'root', '', NULL)
#1 D:\xampp\htdocs\advanced\vendor\yiisoft\yii2\db\Connection.php(579): yii\db\Connection->createPdoInstance()
#2 D:\xampp\htdocs\advanced\vendor\yiisoft\yii2\db\Connection.php(928): yii\db\Connection->open()
#3 D:\xampp\htdocs\advanced\vendor\yiisoft\yii2\db\Connection.php(915): yii\db\Connection->getMasterPdo()
#4 D:\xampp\htdocs\advanced\vendor\yiisoft\yii2\db\Command.php(219): yii\db\Connection->getSlavePdo()
#5 D:\xampp\htdocs\advanced\vendor\yiisoft\yii2\db\Command.php(910): yii\db\Command->prepare(true)
#6 D:\xampp\htdocs\advanced\vendor\yiisoft\yii2\db\Command.php(362): yii\db\Command->queryInternal('fetchAll', NULL)
#7 D:\xampp\htdocs\advanced\vendor\yiisoft\yii2\db\mysql\Schema.php(199): yii\db\Command->queryAll()
#8 D:\xampp\htdocs\advanced\vendor\yiisoft\yii2\db\mysql\Schema.php(98): yii\db\mysql\Schema->findColumns(Object(yii\db\TableSchema))
#9 D:\xampp\htdocs\advanced\vendor\yiisoft\yii2\db\Schema.php(152): yii\db\mysql\Schema->loadTableSchema('migration')
#10 D:\xampp\htdocs\advanced\vendor\yiisoft\yii2\console\controllers\MigrateController.php(194): yii\db\Schema->getTableSchema('{{%migration}}', true)
#11 D:\xampp\htdocs\advanced\vendor\yiisoft\yii2\console\controllers\BaseMigrateController.php(814): yii\console\controllers\MigrateController->getMigrationHistory(NULL)
#12 D:\xampp\htdocs\advanced\vendor\yiisoft\yii2\console\controllers\BaseMigrateController.php(155): yii\console\controllers\BaseMigrateController->getNewMigrations()
#13 [internal function]: yii\console\controllers\BaseMigrateController->actionUp(0)
#14 D:\xampp\htdocs\advanced\vendor\yiisoft\yii2\base\InlineAction.php(57): call_user_func_array(Array, Array)
#15 D:\xampp\htdocs\advanced\vendor\yiisoft\yii2\base\Controller.php(156): yii\base\InlineAction->runWithParams(Array)
#16 D:\xampp\htdocs\advanced\vendor\yiisoft\yii2\console\Controller.php(128): yii\base\Controller->runAction('', Array)
#17 D:\xampp\htdocs\advanced\vendor\yiisoft\yii2\base\Module.php(523): yii\console\Controller->runAction('', Array)
#18 D:\xampp\htdocs\advanced\vendor\yiisoft\yii2\console\Application.php(180): yii\base\Module->runAction('migrate', Array)
#19 D:\xampp\htdocs\advanced\vendor\yiisoft\yii2\console\Application.php(147): yii\console\Application->runAction('migrate', Array)
#20 D:\xampp\htdocs\advanced\vendor\yiisoft\yii2\base\Application.php(380): yii\console\Application->handleRequest(Object(yii\console\Request))
#21 D:\xampp\htdocs\advanced\yii(27): yii\base\Application->run()
#22 {main}

Next yii\db\Exception: SQLSTATE[HY000] [1049] Unknown database 'yii2advanced' in D:\xampp\htdocs\advanced\vendor\yiisoft\yii2\db\Connection.php:584
Stack trace:
#0 D:\xampp\htdocs\advanced\vendor\yiisoft\yii2\db\Connection.php(928): yii\db\Connection->open()
#1 D:\xampp\htdocs\advanced\vendor\yiisoft\yii2\db\Connection.php(915): yii\db\Connection->getMasterPdo()
#2 D:\xampp\htdocs\advanced\vendor\yiisoft\yii2\db\Command.php(219): yii\db\Connection->getSlavePdo()
#3 D:\xampp\htdocs\advanced\vendor\yiisoft\yii2\db\Command.php(910): yii\db\Command->prepare(true)
#4 D:\xampp\htdocs\advanced\vendor\yiisoft\yii2\db\Command.php(362): yii\db\Command->queryInternal('fetchAll', NULL)
#5 D:\xampp\htdocs\advanced\vendor\yiisoft\yii2\db\mysql\Schema.php(199): yii\db\Command->queryAll()
#6 D:\xampp\htdocs\advanced\vendor\yiisoft\yii2\db\mysql\Schema.php(98): yii\db\mysql\Schema->findColumns(Object(yii\db\TableSchema))
#7 D:\xampp\htdocs\advanced\vendor\yiisoft\yii2\db\Schema.php(152): yii\db\mysql\Schema->loadTableSchema('migration')
#8 D:\xampp\htdocs\advanced\vendor\yiisoft\yii2\console\controllers\MigrateController.php(194): yii\db\Schema->getTableSchema('{{%migration}}', true)
#9 D:\xampp\htdocs\advanced\vendor\yiisoft\yii2\console\controllers\BaseMigrateController.php(814): yii\console\controllers\MigrateController->getMigrationHistory(NULL)
#10 D:\xampp\htdocs\advanced\vendor\yiisoft\yii2\console\controllers\BaseMigrateController.php(155): yii\console\controllers\BaseMigrateController->getNewMigrations()
#11 [internal function]: yii\console\controllers\BaseMigrateController->actionUp(0)
#12 D:\xampp\htdocs\advanced\vendor\yiisoft\yii2\base\InlineAction.php(57): call_user_func_array(Array, Array)
#13 D:\xampp\htdocs\advanced\vendor\yiisoft\yii2\base\Controller.php(156): yii\base\InlineAction->runWithParams(Array)
#14 D:\xampp\htdocs\advanced\vendor\yiisoft\yii2\console\Controller.php(128): yii\base\Controller->runAction('', Array)
#15 D:\xampp\htdocs\advanced\vendor\yiisoft\yii2\base\Module.php(523): yii\console\Controller->runAction('', Array)
#16 D:\xampp\htdocs\advanced\vendor\yiisoft\yii2\console\Application.php(180): yii\base\Module->runAction('migrate', Array)
#17 D:\xampp\htdocs\advanced\vendor\yiisoft\yii2\console\Application.php(147): yii\console\Application->runAction('migrate', Array)
#18 D:\xampp\htdocs\advanced\vendor\yiisoft\yii2\base\Application.php(380): yii\console\Application->handleRequest(Object(yii\console\Request))
#19 D:\xampp\htdocs\advanced\yii(27): yii\base\Application->run()
#20 {main}
Additional Information:

2017-10-25 18:03:51 [-][-][-][info][application] $_SERVER = [
    'PHP_COMMAND' => 'php.exe'
    'PROCESSOR_ARCHITEW6432' => 'AMD64'
    'PROMPT' => '$P$G'
    'USERDOMAIN_ROAMINGPROFILE' => 'Lenovo-PC'
    'LOCALAPPDATA' => 'C:\\Users\\lenovo\\AppData\\Local'
    'PROCESSOR_LEVEL' => '6'
    'USERDOMAIN' => 'Lenovo-PC'
    'LOGONSERVER' => '\\\\LENOVO-PC'
    'SESSIONNAME' => 'Console'
    'ALLUSERSPROFILE' => 'C:\\ProgramData'
    'PROCESSOR_ARCHITECTURE' => 'x86'
    'PSModulePath' => 'C:\\WINDOWS\\system32\\WindowsPowerShell\\v1.0\\Modules\\'
    'SystemDrive' => 'C:'
    'asl_log' => 'Destination=file'
    'APPDATA' => 'C:\\Users\\lenovo\\AppData\\Roaming'
    'USERNAME' => 'lenovo'
    'ProgramFiles(x86)' => 'C:\\Program Files (x86)'
    'VBOX_MSI_INSTALL_PATH' => 'C:\\Program Files\\Oracle\\VirtualBox\\'
    'CommonProgramFiles' => 'C:\\Program Files (x86)\\Common Files'
    'Path' => 'C:\\ProgramData\\Oracle\\Java\\javapath;D:\\app\\lenovo\\product\\11.2.0\\dbhome_1\\bin;C:\\WINDOWS\\system32;C:\\WINDOWS;C:\\WINDOWS\\System32\\Wbem;C:\\WINDOWS\\System32\\WindowsPowerShell\\v1.0\\;D:\\xampp\\php;C:\\Program Files (x86)\\NVIDIA Corporation\\PhysX\\Common;D:\\Program Files\\TortoiseGit\\bin;D:\\Program Files\\Git\\cmd'
    'PATHEXT' => '.COM;.EXE;.BAT;.CMD;.VBS;.VBE;.JS;.JSE;.WSF;.WSH;.MSC'
    'OS' => 'Windows_NT'
    'COMPUTERNAME' => 'LENOVO-PC'
    'PROCESSOR_REVISION' => '3c03'
    'CommonProgramW6432' => 'C:\\Program Files\\Common Files'
    'ComSpec' => 'C:\\WINDOWS\\system32\\cmd.exe'
    'ProgramData' => 'C:\\ProgramData'
    'ProgramW6432' => 'C:\\Program Files'
    'HOMEPATH' => '\\Users\\lenovo'
    'SystemRoot' => 'C:\\WINDOWS'
    'TEMP' => 'C:\\Users\\lenovo\\AppData\\Local\\Temp'
    'HOMEDRIVE' => 'C:'
    'PROCESSOR_IDENTIFIER' => 'Intel64 Family 6 Model 60 Stepping 3, GenuineIntel'
    'USERPROFILE' => 'C:\\Users\\lenovo'
    'TMP' => 'C:\\Users\\lenovo\\AppData\\Local\\Temp'
    'CommonProgramFiles(x86)' => 'C:\\Program Files (x86)\\Common Files'
    'ProgramFiles' => 'C:\\Program Files (x86)'
    'PUBLIC' => 'C:\\Users\\Public'
    'NUMBER_OF_PROCESSORS' => '4'
    'windir' => 'C:\\WINDOWS'
    'YII_PATH' => 'D:\\xampp\\htdocs\\advanced\\'
    'PHP_SELF' => 'D:\\xampp\\htdocs\\advanced\\yii'
    'SCRIPT_NAME' => 'D:\\xampp\\htdocs\\advanced\\yii'
    'SCRIPT_FILENAME' => 'D:\\xampp\\htdocs\\advanced\\yii'
    'PATH_TRANSLATED' => 'D:\\xampp\\htdocs\\advanced\\yii'
    'DOCUMENT_ROOT' => ''
    'REQUEST_TIME_FLOAT' => 1508947431.5963
    'REQUEST_TIME' => 1508947431
    'argv' => [
        0 => 'D:\\xampp\\htdocs\\advanced\\yii'
        1 => 'migrate'
        2 => '--migrationPath=@yii/rbac/migration'
    ]
    'argc' => 3
]
2017-10-25 18:08:33 [-][-][-][error][yii\db\Exception] PDOException: SQLSTATE[HY000] [1049] Unknown database 'yii2advanced' in D:\xampp\htdocs\advanced\vendor\yiisoft\yii2\db\Connection.php:646
Stack trace:
#0 D:\xampp\htdocs\advanced\vendor\yiisoft\yii2\db\Connection.php(646): PDO->__construct('mysql:host=loca...', 'root', '', NULL)
#1 D:\xampp\htdocs\advanced\vendor\yiisoft\yii2\db\Connection.php(579): yii\db\Connection->createPdoInstance()
#2 D:\xampp\htdocs\advanced\vendor\yiisoft\yii2\db\Connection.php(928): yii\db\Connection->open()
#3 D:\xampp\htdocs\advanced\vendor\yiisoft\yii2\db\Connection.php(915): yii\db\Connection->getMasterPdo()
#4 D:\xampp\htdocs\advanced\vendor\yiisoft\yii2\db\Command.php(219): yii\db\Connection->getSlavePdo()
#5 D:\xampp\htdocs\advanced\vendor\yiisoft\yii2\db\Command.php(910): yii\db\Command->prepare(true)
#6 D:\xampp\htdocs\advanced\vendor\yiisoft\yii2\db\Command.php(362): yii\db\Command->queryInternal('fetchAll', NULL)
#7 D:\xampp\htdocs\advanced\vendor\yiisoft\yii2\db\mysql\Schema.php(199): yii\db\Command->queryAll()
#8 D:\xampp\htdocs\advanced\vendor\yiisoft\yii2\db\mysql\Schema.php(98): yii\db\mysql\Schema->findColumns(Object(yii\db\TableSchema))
#9 D:\xampp\htdocs\advanced\vendor\yiisoft\yii2\db\Schema.php(152): yii\db\mysql\Schema->loadTableSchema('migration')
#10 D:\xampp\htdocs\advanced\vendor\yiisoft\yii2\console\controllers\MigrateController.php(194): yii\db\Schema->getTableSchema('{{%migration}}', true)
#11 D:\xampp\htdocs\advanced\vendor\yiisoft\yii2\console\controllers\BaseMigrateController.php(814): yii\console\controllers\MigrateController->getMigrationHistory(NULL)
#12 D:\xampp\htdocs\advanced\vendor\yiisoft\yii2\console\controllers\BaseMigrateController.php(155): yii\console\controllers\BaseMigrateController->getNewMigrations()
#13 [internal function]: yii\console\controllers\BaseMigrateController->actionUp(0)
#14 D:\xampp\htdocs\advanced\vendor\yiisoft\yii2\base\InlineAction.php(57): call_user_func_array(Array, Array)
#15 D:\xampp\htdocs\advanced\vendor\yiisoft\yii2\base\Controller.php(156): yii\base\InlineAction->runWithParams(Array)
#16 D:\xampp\htdocs\advanced\vendor\yiisoft\yii2\console\Controller.php(128): yii\base\Controller->runAction('', Array)
#17 D:\xampp\htdocs\advanced\vendor\yiisoft\yii2\base\Module.php(523): yii\console\Controller->runAction('', Array)
#18 D:\xampp\htdocs\advanced\vendor\yiisoft\yii2\console\Application.php(180): yii\base\Module->runAction('migrate', Array)
#19 D:\xampp\htdocs\advanced\vendor\yiisoft\yii2\console\Application.php(147): yii\console\Application->runAction('migrate', Array)
#20 D:\xampp\htdocs\advanced\vendor\yiisoft\yii2\base\Application.php(380): yii\console\Application->handleRequest(Object(yii\console\Request))
#21 D:\xampp\htdocs\advanced\yii(27): yii\base\Application->run()
#22 {main}

Next yii\db\Exception: SQLSTATE[HY000] [1049] Unknown database 'yii2advanced' in D:\xampp\htdocs\advanced\vendor\yiisoft\yii2\db\Connection.php:584
Stack trace:
#0 D:\xampp\htdocs\advanced\vendor\yiisoft\yii2\db\Connection.php(928): yii\db\Connection->open()
#1 D:\xampp\htdocs\advanced\vendor\yiisoft\yii2\db\Connection.php(915): yii\db\Connection->getMasterPdo()
#2 D:\xampp\htdocs\advanced\vendor\yiisoft\yii2\db\Command.php(219): yii\db\Connection->getSlavePdo()
#3 D:\xampp\htdocs\advanced\vendor\yiisoft\yii2\db\Command.php(910): yii\db\Command->prepare(true)
#4 D:\xampp\htdocs\advanced\vendor\yiisoft\yii2\db\Command.php(362): yii\db\Command->queryInternal('fetchAll', NULL)
#5 D:\xampp\htdocs\advanced\vendor\yiisoft\yii2\db\mysql\Schema.php(199): yii\db\Command->queryAll()
#6 D:\xampp\htdocs\advanced\vendor\yiisoft\yii2\db\mysql\Schema.php(98): yii\db\mysql\Schema->findColumns(Object(yii\db\TableSchema))
#7 D:\xampp\htdocs\advanced\vendor\yiisoft\yii2\db\Schema.php(152): yii\db\mysql\Schema->loadTableSchema('migration')
#8 D:\xampp\htdocs\advanced\vendor\yiisoft\yii2\console\controllers\MigrateController.php(194): yii\db\Schema->getTableSchema('{{%migration}}', true)
#9 D:\xampp\htdocs\advanced\vendor\yiisoft\yii2\console\controllers\BaseMigrateController.php(814): yii\console\controllers\MigrateController->getMigrationHistory(NULL)
#10 D:\xampp\htdocs\advanced\vendor\yiisoft\yii2\console\controllers\BaseMigrateController.php(155): yii\console\controllers\BaseMigrateController->getNewMigrations()
#11 [internal function]: yii\console\controllers\BaseMigrateController->actionUp(0)
#12 D:\xampp\htdocs\advanced\vendor\yiisoft\yii2\base\InlineAction.php(57): call_user_func_array(Array, Array)
#13 D:\xampp\htdocs\advanced\vendor\yiisoft\yii2\base\Controller.php(156): yii\base\InlineAction->runWithParams(Array)
#14 D:\xampp\htdocs\advanced\vendor\yiisoft\yii2\console\Controller.php(128): yii\base\Controller->runAction('', Array)
#15 D:\xampp\htdocs\advanced\vendor\yiisoft\yii2\base\Module.php(523): yii\console\Controller->runAction('', Array)
#16 D:\xampp\htdocs\advanced\vendor\yiisoft\yii2\console\Application.php(180): yii\base\Module->runAction('migrate', Array)
#17 D:\xampp\htdocs\advanced\vendor\yiisoft\yii2\console\Application.php(147): yii\console\Application->runAction('migrate', Array)
#18 D:\xampp\htdocs\advanced\vendor\yiisoft\yii2\base\Application.php(380): yii\console\Application->handleRequest(Object(yii\console\Request))
#19 D:\xampp\htdocs\advanced\yii(27): yii\base\Application->run()
#20 {main}
Additional Information:

2017-10-25 18:08:32 [-][-][-][info][application] $_SERVER = [
    'PHP_COMMAND' => 'php.exe'
    'PROCESSOR_ARCHITEW6432' => 'AMD64'
    'PROMPT' => '$P$G'
    'USERDOMAIN_ROAMINGPROFILE' => 'Lenovo-PC'
    'LOCALAPPDATA' => 'C:\\Users\\lenovo\\AppData\\Local'
    'PROCESSOR_LEVEL' => '6'
    'USERDOMAIN' => 'Lenovo-PC'
    'LOGONSERVER' => '\\\\LENOVO-PC'
    'SESSIONNAME' => 'Console'
    'ALLUSERSPROFILE' => 'C:\\ProgramData'
    'PROCESSOR_ARCHITECTURE' => 'x86'
    'PSModulePath' => 'C:\\WINDOWS\\system32\\WindowsPowerShell\\v1.0\\Modules\\'
    'SystemDrive' => 'C:'
    'asl_log' => 'Destination=file'
    'APPDATA' => 'C:\\Users\\lenovo\\AppData\\Roaming'
    'USERNAME' => 'lenovo'
    'ProgramFiles(x86)' => 'C:\\Program Files (x86)'
    'VBOX_MSI_INSTALL_PATH' => 'C:\\Program Files\\Oracle\\VirtualBox\\'
    'CommonProgramFiles' => 'C:\\Program Files (x86)\\Common Files'
    'Path' => 'C:\\ProgramData\\Oracle\\Java\\javapath;D:\\app\\lenovo\\product\\11.2.0\\dbhome_1\\bin;C:\\WINDOWS\\system32;C:\\WINDOWS;C:\\WINDOWS\\System32\\Wbem;C:\\WINDOWS\\System32\\WindowsPowerShell\\v1.0\\;D:\\xampp\\php;C:\\Program Files (x86)\\NVIDIA Corporation\\PhysX\\Common;D:\\Program Files\\TortoiseGit\\bin;D:\\Program Files\\Git\\cmd'
    'PATHEXT' => '.COM;.EXE;.BAT;.CMD;.VBS;.VBE;.JS;.JSE;.WSF;.WSH;.MSC'
    'OS' => 'Windows_NT'
    'COMPUTERNAME' => 'LENOVO-PC'
    'PROCESSOR_REVISION' => '3c03'
    'CommonProgramW6432' => 'C:\\Program Files\\Common Files'
    'ComSpec' => 'C:\\WINDOWS\\system32\\cmd.exe'
    'ProgramData' => 'C:\\ProgramData'
    'ProgramW6432' => 'C:\\Program Files'
    'HOMEPATH' => '\\Users\\lenovo'
    'SystemRoot' => 'C:\\WINDOWS'
    'TEMP' => 'C:\\Users\\lenovo\\AppData\\Local\\Temp'
    'HOMEDRIVE' => 'C:'
    'PROCESSOR_IDENTIFIER' => 'Intel64 Family 6 Model 60 Stepping 3, GenuineIntel'
    'USERPROFILE' => 'C:\\Users\\lenovo'
    'TMP' => 'C:\\Users\\lenovo\\AppData\\Local\\Temp'
    'CommonProgramFiles(x86)' => 'C:\\Program Files (x86)\\Common Files'
    'ProgramFiles' => 'C:\\Program Files (x86)'
    'PUBLIC' => 'C:\\Users\\Public'
    'NUMBER_OF_PROCESSORS' => '4'
    'windir' => 'C:\\WINDOWS'
    'YII_PATH' => 'D:\\xampp\\htdocs\\advanced\\'
    'PHP_SELF' => 'D:\\xampp\\htdocs\\advanced\\yii'
    'SCRIPT_NAME' => 'D:\\xampp\\htdocs\\advanced\\yii'
    'SCRIPT_FILENAME' => 'D:\\xampp\\htdocs\\advanced\\yii'
    'PATH_TRANSLATED' => 'D:\\xampp\\htdocs\\advanced\\yii'
    'DOCUMENT_ROOT' => ''
    'REQUEST_TIME_FLOAT' => 1508947712.9741
    'REQUEST_TIME' => 1508947712
    'argv' => [
        0 => 'D:\\xampp\\htdocs\\advanced\\yii'
        1 => 'migrate'
        2 => '--migrationPath=@yii/rbac/migration'
    ]
    'argc' => 3
]
